<?xml version="1.0" encoding="UTF-8"?>
<!-- Generated by org.testng.reporters.JUnitXMLReporter -->
<testsuite ignored="0" hostname="DESKTOP-C5UC5JG" failures="0" tests="3" name="Test" time="17.422" errors="0" timestamp="2024-11-11T17:48:51 IST">
  <testcase classname="TestCases.TC001_VerifyLogin" name="verify_Login" time="0.941"/>
  <testcase classname="TestCases.TC004_VerifyviewLeads" name="verifyCreatedLead" time="4.381"/>
  <testcase classname="TestCases.TC003_VerifyCreateLead" name="verifyCreatedLead" time="8.275"/>
</testsuite> <!-- Test -->
