<?xml version="1.0" encoding="UTF-8"?>
<testng-results ignored="0" total="2" passed="2" failed="0" skipped="0">
  <reporter-output>
  </reporter-output>
  <suite started-at="2024-11-11T21:26:26 IST" name="Default suite" finished-at="2024-11-11T21:26:38 IST" duration-ms="11885">
    <groups>
    </groups>
    <test started-at="2024-11-11T21:26:26 IST" name="Default test" finished-at="2024-11-11T21:26:38 IST" duration-ms="11885">
      <class name="test.testcase1">
        <test-method is-config="true" signature="preCondition()[pri:0, instance:test.testcase1@1b11171f]" started-at="2024-11-11T21:26:26 IST" name="preCondition" finished-at="2024-11-11T21:26:33 IST" duration-ms="6414" status="PASS">
          <reporter-output>
          </reporter-output>
        </test-method> <!-- preCondition -->
        <test-method signature="verify()[pri:0, instance:test.testcase1@1b11171f]" started-at="2024-11-11T21:26:33 IST" name="verify" finished-at="2024-11-11T21:26:33 IST" duration-ms="13" status="PASS">
          <reporter-output>
          </reporter-output>
        </test-method> <!-- verify -->
        <test-method signature="sendUserName()[pri:0, instance:test.testcase1@1b11171f]" started-at="2024-11-11T21:26:33 IST" name="sendUserName" finished-at="2024-11-11T21:26:38 IST" duration-ms="5143" status="PASS">
          <reporter-output>
          </reporter-output>
        </test-method> <!-- sendUserName -->
        <test-method is-config="true" signature="postCondition()[pri:0, instance:test.testcase1@1b11171f]" started-at="2024-11-11T21:26:38 IST" name="postCondition" finished-at="2024-11-11T21:26:38 IST" duration-ms="281" status="PASS">
          <reporter-output>
          </reporter-output>
        </test-method> <!-- postCondition -->
      </class> <!-- test.testcase1 -->
    </test> <!-- Default test -->
  </suite> <!-- Default suite -->
</testng-results>
